  Connection.cpp
  ConnectionProvider.cpp
  Executor.cpp
  QueryResult.cpp
  Deserializer.cpp
  PgArray.cpp
  ResultMapper.cpp
  Serializer.cpp
  Uuid.cpp
D:\Documents\Projects\Practice\SaccoTest\SaccoCpp\vendor\oatpp-postgresql\src\oatpp-postgresql\mapping\Deserializer.cpp(184,29): warning C4244: 'argument': conversion from 'v_float64' to 'TValueType', possible loss of data
D:\Documents\Projects\Practice\SaccoTest\SaccoCpp\vendor\oatpp-postgresql\src\oatpp-postgresql\mapping\Deserializer.cpp(184,29): warning C4244:         with
D:\Documents\Projects\Practice\SaccoTest\SaccoCpp\vendor\oatpp-postgresql\src\oatpp-postgresql\mapping\Deserializer.cpp(184,29): warning C4244:         [
D:\Documents\Projects\Practice\SaccoTest\SaccoCpp\vendor\oatpp-postgresql\src\oatpp-postgresql\mapping\Deserializer.cpp(184,29): warning C4244:             TValueType=v_float32
D:\Documents\Projects\Practice\SaccoTest\SaccoCpp\vendor\oatpp-postgresql\src\oatpp-postgresql\mapping\Deserializer.cpp(184,29): warning C4244:         ]
D:\Documents\Projects\Practice\SaccoTest\SaccoCpp\vendor\oatpp-postgresql\src\oatpp-postgresql\mapping\ResultMapper.cpp(98,60): warning C4244: 'argument': conversion from 'v_int64' to 'int', possible loss of data
D:\Documents\Projects\Practice\SaccoTest\SaccoCpp\vendor\oatpp-postgresql\src\oatpp-postgresql\mapping\ResultMapper.cpp(118,60): warning C4244: 'argument': conversion from 'v_int64' to 'int', possible loss of data
D:\Documents\Projects\Practice\SaccoTest\SaccoCpp\vendor\oatpp-postgresql\src\oatpp-postgresql\mapping\ResultMapper.cpp(138,62): warning C4244: 'argument': conversion from 'v_int64' to 'int', possible loss of data
D:\Documents\Projects\Practice\SaccoTest\SaccoCpp\vendor\oatpp-postgresql\src\oatpp-postgresql\mapping\Serializer.cpp(243,34): warning C4267: '=': conversion from 'size_t' to 'int', possible loss of data
D:\Documents\Projects\Practice\SaccoTest\SaccoCpp\vendor\oatpp-postgresql\src\oatpp-postgresql\mapping\PgArray.cpp(38,36): warning C4267: 'argument': conversion from 'size_t' to 'u_long', possible loss of data
D:\Documents\Projects\Practice\SaccoTest\SaccoCpp\vendor\oatpp-postgresql\src\oatpp-postgresql\mapping\PgArray.cpp(92,25): warning C4018: '<': signed/unsigned mismatch
D:\Documents\Projects\Practice\SaccoTest\SaccoCpp\vendor\oatpp-postgresql\src\oatpp-postgresql\mapping\Serializer.cpp(457,34): warning C4244: '=': conversion from 'v_buff_size' to 'int', possible loss of data
D:\Documents\Projects\Practice\SaccoTest\SaccoCpp\vendor\oatpp-postgresql\src\oatpp-postgresql\mapping\Serializer.cpp(478,26): warning C4244: 'argument': conversion from 'v_int64' to '_Ty', possible loss of data
D:\Documents\Projects\Practice\SaccoTest\SaccoCpp\vendor\oatpp-postgresql\src\oatpp-postgresql\mapping\Serializer.cpp(478,26): warning C4244:         with
D:\Documents\Projects\Practice\SaccoTest\SaccoCpp\vendor\oatpp-postgresql\src\oatpp-postgresql\mapping\Serializer.cpp(478,26): warning C4244:         [
D:\Documents\Projects\Practice\SaccoTest\SaccoCpp\vendor\oatpp-postgresql\src\oatpp-postgresql\mapping\Serializer.cpp(478,26): warning C4244:             _Ty=v_int32
D:\Documents\Projects\Practice\SaccoTest\SaccoCpp\vendor\oatpp-postgresql\src\oatpp-postgresql\mapping\Serializer.cpp(478,26): warning C4244:         ]
D:\Documents\Projects\Practice\SaccoTest\SaccoCpp\vendor\oatpp-postgresql\src\oatpp-postgresql\mapping\Serializer.cpp(572,47): warning C4244: '=': conversion from 'v_buff_size' to 'int', possible loss of data
  Parser.cpp
D:\Documents\Projects\Practice\SaccoTest\SaccoCpp\vendor\oatpp-postgresql\src\oatpp-postgresql\Executor.cpp(83,52): warning C4267: '=': conversion from 'size_t' to 'int', possible loss of data
D:\Documents\Projects\Practice\SaccoTest\SaccoCpp\vendor\oatpp-postgresql\src\oatpp-postgresql\Executor.cpp(91,25): warning C4018: '<': signed/unsigned mismatch
D:\Documents\Projects\Practice\SaccoTest\SaccoCpp\vendor\oatpp-postgresql\src\oatpp-postgresql\Executor.cpp(228,71): warning C4267: 'argument': conversion from 'size_t' to 'int', possible loss of data
D:\Documents\Projects\Practice\SaccoTest\SaccoCpp\vendor\oatpp-postgresql\src\oatpp-postgresql\Executor.cpp(522,54): warning C4804: '>': unsafe use of type 'bool' in operation
  TemplateValueProvider.cpp
D:\Documents\Projects\Practice\SaccoTest\SaccoCpp\vendor\oatpp-postgresql\src\oatpp-postgresql\ql_template\Parser.cpp(189,20): warning C4018: '<': signed/unsigned mismatch
  oatpp-postgresql.vcxproj -> D:\Documents\Projects\Practice\SaccoTest\SaccoCpp\vendor\oatpp-postgresql\bin\Debug-windows-x86_64\oatpp-postgresql\oatpp-postgresql.lib
